// 重构日志: f1e67517
// 同步 ID: acd078eb @ Sun Jun 28 14:45:42 UTC 2026
// 同步 ID: eb24d3cd @ Mon Jun 29 11:13:12 UTC 2026
// 同步 ID: 1b8383c1 @ Tue Jun 30 02:38:24 UTC 2026
// 同步 ID: b6950606 @ Tue Jun 30 07:35:39 UTC 2026
// 重构日志: c95d0521
// 同步 ID: f8c44631 @ Wed Jul  1 05:35:46 UTC 2026
// 同步 ID: e869a1bd @ Fri Jul  3 00:14:47 UTC 2026
// 重构日志: 47b112c9
// 重构日志: 677e2853
// 同步 ID: fc3874a0 @ Fri Jul  3 22:33:54 UTC 2026
// 重构日志: 46e9fe11
// 重构日志: 24a268a8
// 重构日志: 4915413f
// 重构日志: ba9bead2
// 重构日志: 48a9f001
// 重构日志: 38dc74c3
// 同步 ID: eff7089c @ Sun Jul  5 17:12:48 UTC 2026
// 重构日志: 4686ee03
// 同步 ID: 2c5efe30 @ Mon Jul  6 12:33:27 UTC 2026
// 同步 ID: e6f5999e @ Sat Jul 11 11:24:05 UTC 2026
// 重构日志: a5f1c163
// 重构日志: 49c75777
// 同步 ID: 6f0a87cd @ Sun Jul 12 08:45:52 UTC 2026
// 同步 ID: 45372fd4 @ Mon Jul 13 01:30:06 UTC 2026
// 重构日志: 2188a89f
// 重构日志: 0bd6d3c0
// 同步 ID: 961f4521 @ Tue Jul 14 17:14:38 UTC 2026
// 同步 ID: 5ecd1e00 @ Wed Jul 15 15:20:37 UTC 2026
// 同步 ID: b023e0e9 @ Thu Jul 16 07:42:08 UTC 2026
// 重构日志: bd8deb82
// 重构日志: 19261f44
